[2015-07-29 07:59:57] local.ERROR: exception 'Illuminate\Contracts\Encryption\DecryptException' with message 'The payload is invalid.' in /customers/7/3/8/danielhaba.pl/httpd.www/bootstrap/cache/compiled.php:12460
Stack trace:
#0 /customers/7/3/8/danielhaba.pl/httpd.www/bootstrap/cache/compiled.php(12515): Illuminate\Encryption\BaseEncrypter->getJsonPayload('')
#1 /customers/7/3/8/danielhaba.pl/httpd.www/vendor/laravel/framework/src/Illuminate/Queue/IronQueue.php(219): Illuminate\Encryption\Encrypter->decrypt('')
#2 /customers/7/3/8/danielhaba.pl/httpd.www/vendor/laravel/framework/src/Illuminate/Queue/IronQueue.php(178): Illuminate\Queue\IronQueue->parseJobBody('')
#3 /customers/7/3/8/danielhaba.pl/httpd.www/vendor/laravel/framework/src/Illuminate/Queue/IronQueue.php(164): Illuminate\Queue\IronQueue->marshalPushedJob()
#4 [internal function]: Illuminate\Queue\IronQueue->marshal()
#5 /customers/7/3/8/danielhaba.pl/httpd.www/vendor/laravel/framework/src/Illuminate/Queue/QueueManager.php(231): call_user_func_array(Array, Array)
#6 /customers/7/3/8/danielhaba.pl/httpd.www/bootstrap/cache/compiled.php(5601): Illuminate\Queue\QueueManager->__call('marshal', Array)
#7 /customers/7/3/8/danielhaba.pl/httpd.www/bootstrap/cache/compiled.php(5601): Illuminate\Queue\QueueManager->marshal()
#8 /customers/7/3/8/danielhaba.pl/httpd.www/app/Http/routes.php(47): Illuminate\Support\Facades\Facade::__callStatic('marshal', Array)
#9 /customers/7/3/8/danielhaba.pl/httpd.www/app/Http/routes.php(47): Illuminate\Support\Facades\Queue::marshal()
#10 [internal function]: HempEmpire\Providers\RouteServiceProvider->{closure}()
#11 /customers/7/3/8/danielhaba.pl/httpd.www/bootstrap/cache/compiled.php(7740): call_user_func_array(Object(Closure), Array)
#12 /customers/7/3/8/danielhaba.pl/httpd.www/bootstrap/cache/compiled.php(7727): Illuminate\Routing\Route->runCallable(Object(Illuminate\Http\Request))
#13 /customers/7/3/8/danielhaba.pl/httpd.www/bootstrap/cache/compiled.php(7383): Illuminate\Routing\Route->run(Object(Illuminate\Http\Request))
#14 [internal function]: Illuminate\Routing\Router->Illuminate\Routing\{closure}(Object(Illuminate\Http\Request))
#15 /customers/7/3/8/danielhaba.pl/httpd.www/bootstrap/cache/compiled.php(9455): call_user_func(Object(Closure), Object(Illuminate\Http\Request))
#16 [internal function]: Illuminate\Pipeline\Pipeline->Illuminate\Pipeline\{closure}(Object(Illuminate\Http\Request))
#17 /customers/7/3/8/danielhaba.pl/httpd.www/bootstrap/cache/compiled.php(9437): call_user_func(Object(Closure), Object(Illuminate\Http\Request))
#18 /customers/7/3/8/danielhaba.pl/httpd.www/bootstrap/cache/compiled.php(7384): Illuminate\Pipeline\Pipeline->then(Object(Closure))
#19 /customers/7/3/8/danielhaba.pl/httpd.www/bootstrap/cache/compiled.php(7372): Illuminate\Routing\Router->runRouteWithinStack(Object(Illuminate\Routing\Route), Object(Illuminate\Http\Request))
#20 /customers/7/3/8/danielhaba.pl/httpd.www/bootstrap/cache/compiled.php(7357): Illuminate\Routing\Router->dispatchToRoute(Object(Illuminate\Http\Request))
#21 /customers/7/3/8/danielhaba.pl/httpd.www/bootstrap/cache/compiled.php(2066): Illuminate\Routing\Router->dispatch(Object(Illuminate\Http\Request))
#22 [internal function]: Illuminate\Foundation\Http\Kernel->Illuminate\Foundation\Http\{closure}(Object(Illuminate\Http\Request))
#23 /customers/7/3/8/danielhaba.pl/httpd.www/bootstrap/cache/compiled.php(9455): call_user_func(Object(Closure), Object(Illuminate\Http\Request))
#24 /customers/7/3/8/danielhaba.pl/httpd.www/app/Http/Middleware/ShareData.php(22): Illuminate\Pipeline\Pipeline->Illuminate\Pipeline\{closure}(Object(Illuminate\Http\Request))
#25 [internal function]: HempEmpire\Http\Middleware\ShareData->handle(Object(Illuminate\Http\Request), Object(Closure))
#26 /customers/7/3/8/danielhaba.pl/httpd.www/bootstrap/cache/compiled.php(9447): call_user_func_array(Array, Array)
#27 /customers/7/3/8/danielhaba.pl/httpd.www/bootstrap/cache/compiled.php(2637): Illuminate\Pipeline\Pipeline->Illuminate\Pipeline\{closure}(Object(Illuminate\Http\Request))
#28 [internal function]: Illuminate\Foundation\Http\Middleware\VerifyCsrfToken->handle(Object(Illuminate\Http\Request), Object(Closure))
#29 /customers/7/3/8/danielhaba.pl/httpd.www/bootstrap/cache/compiled.php(9447): call_user_func_array(Array, Array)
#30 /customers/7/3/8/danielhaba.pl/httpd.www/bootstrap/cache/compiled.php(12699): Illuminate\Pipeline\Pipeline->Illuminate\Pipeline\{closure}(Object(Illuminate\Http\Request))
#31 [internal function]: Illuminate\View\Middleware\ShareErrorsFromSession->handle(Object(Illuminate\Http\Request), Object(Closure))
#32 /customers/7/3/8/danielhaba.pl/httpd.www/bootstrap/cache/compiled.php(9447): call_user_func_array(Array, Array)
#33 /customers/7/3/8/danielhaba.pl/httpd.www/bootstrap/cache/compiled.php(11348): Illuminate\Pipeline\Pipeline->Illuminate\Pipeline\{closure}(Object(Illuminate\Http\Request))
#34 [internal function]: Illuminate\Session\Middleware\StartSession->handle(Object(Illuminate\Http\Request), Object(Closure))
#35 /customers/7/3/8/danielhaba.pl/httpd.www/bootstrap/cache/compiled.php(9447): call_user_func_array(Array, Array)
#36 /customers/7/3/8/danielhaba.pl/httpd.www/bootstrap/cache/compiled.php(12437): Illuminate\Pipeline\Pipeline->Illuminate\Pipeline\{closure}(Object(Illuminate\Http\Request))
#37 [internal function]: Illuminate\Cookie\Middleware\AddQueuedCookiesToResponse->handle(Object(Illuminate\Http\Request), Object(Closure))
#38 /customers/7/3/8/danielhaba.pl/httpd.www/bootstrap/cache/compiled.php(9447): call_user_func_array(Array, Array)
#39 /customers/7/3/8/danielhaba.pl/httpd.www/bootstrap/cache/compiled.php(12376): Illuminate\Pipeline\Pipeline->Illuminate\Pipeline\{closure}(Object(Illuminate\Http\Request))
#40 [internal function]: Illuminate\Cookie\Middleware\EncryptCookies->handle(Object(Illuminate\Http\Request), Object(Closure))
#41 /customers/7/3/8/danielhaba.pl/httpd.www/bootstrap/cache/compiled.php(9447): call_user_func_array(Array, Array)
#42 /customers/7/3/8/danielhaba.pl/httpd.www/bootstrap/cache/compiled.php(2687): Illuminate\Pipeline\Pipeline->Illuminate\Pipeline\{closure}(Object(Illuminate\Http\Request))
#43 [internal function]: Illuminate\Foundation\Http\Middleware\CheckForMaintenanceMode->handle(Object(Illuminate\Http\Request), Object(Closure))
#44 /customers/7/3/8/danielhaba.pl/httpd.www/bootstrap/cache/compiled.php(9447): call_user_func_array(Array, Array)
#45 [internal function]: Illuminate\Pipeline\Pipeline->Illuminate\Pipeline\{closure}(Object(Illuminate\Http\Request))
#46 /customers/7/3/8/danielhaba.pl/httpd.www/bootstrap/cache/compiled.php(9437): call_user_func(Object(Closure), Object(Illuminate\Http\Request))
#47 /customers/7/3/8/danielhaba.pl/httpd.www/bootstrap/cache/compiled.php(2013): Illuminate\Pipeline\Pipeline->then(Object(Closure))
#48 /customers/7/3/8/danielhaba.pl/httpd.www/bootstrap/cache/compiled.php(1999): Illuminate\Foundation\Http\Kernel->sendRequestThroughRouter(Object(Illuminate\Http\Request))
#49 /customers/7/3/8/danielhaba.pl/httpd.www/public/index.php(81): Illuminate\Foundation\Http\Kernel->handle(Object(Illuminate\Http\Request))
#50 {main}  
[2015-07-29 08:00:19] local.ERROR: exception 'Illuminate\Contracts\Encryption\DecryptException' with message 'The payload is invalid.' in /customers/7/3/8/danielhaba.pl/httpd.www/bootstrap/cache/compiled.php:12460
Stack trace:
#0 /customers/7/3/8/danielhaba.pl/httpd.www/bootstrap/cache/compiled.php(12515): Illuminate\Encryption\BaseEncrypter->getJsonPayload('')
#1 /customers/7/3/8/danielhaba.pl/httpd.www/vendor/laravel/framework/src/Illuminate/Queue/IronQueue.php(219): Illuminate\Encryption\Encrypter->decrypt('')
#2 /customers/7/3/8/danielhaba.pl/httpd.www/vendor/laravel/framework/src/Illuminate/Queue/IronQueue.php(178): Illuminate\Queue\IronQueue->parseJobBody('')
#3 /customers/7/3/8/danielhaba.pl/httpd.www/vendor/laravel/framework/src/Illuminate/Queue/IronQueue.php(164): Illuminate\Queue\IronQueue->marshalPushedJob()
#4 [internal function]: Illuminate\Queue\IronQueue->marshal()
#5 /customers/7/3/8/danielhaba.pl/httpd.www/vendor/laravel/framework/src/Illuminate/Queue/QueueManager.php(231): call_user_func_array(Array, Array)
#6 /customers/7/3/8/danielhaba.pl/httpd.www/bootstrap/cache/compiled.php(5601): Illuminate\Queue\QueueManager->__call('marshal', Array)
#7 /customers/7/3/8/danielhaba.pl/httpd.www/bootstrap/cache/compiled.php(5601): Illuminate\Queue\QueueManager->marshal()
#8 /customers/7/3/8/danielhaba.pl/httpd.www/app/Http/routes.php(47): Illuminate\Support\Facades\Facade::__callStatic('marshal', Array)
#9 /customers/7/3/8/danielhaba.pl/httpd.www/app/Http/routes.php(47): Illuminate\Support\Facades\Queue::marshal()
#10 [internal function]: HempEmpire\Providers\RouteServiceProvider->{closure}()
#11 /customers/7/3/8/danielhaba.pl/httpd.www/bootstrap/cache/compiled.php(7740): call_user_func_array(Object(Closure), Array)
#12 /customers/7/3/8/danielhaba.pl/httpd.www/bootstrap/cache/compiled.php(7727): Illuminate\Routing\Route->runCallable(Object(Illuminate\Http\Request))
#13 /customers/7/3/8/danielhaba.pl/httpd.www/bootstrap/cache/compiled.php(7383): Illuminate\Routing\Route->run(Object(Illuminate\Http\Request))
#14 [internal function]: Illuminate\Routing\Router->Illuminate\Routing\{closure}(Object(Illuminate\Http\Request))
#15 /customers/7/3/8/danielhaba.pl/httpd.www/bootstrap/cache/compiled.php(9455): call_user_func(Object(Closure), Object(Illuminate\Http\Request))
#16 [internal function]: Illuminate\Pipeline\Pipeline->Illuminate\Pipeline\{closure}(Object(Illuminate\Http\Request))
#17 /customers/7/3/8/danielhaba.pl/httpd.www/bootstrap/cache/compiled.php(9437): call_user_func(Object(Closure), Object(Illuminate\Http\Request))
#18 /customers/7/3/8/danielhaba.pl/httpd.www/bootstrap/cache/compiled.php(7384): Illuminate\Pipeline\Pipeline->then(Object(Closure))
#19 /customers/7/3/8/danielhaba.pl/httpd.www/bootstrap/cache/compiled.php(7372): Illuminate\Routing\Router->runRouteWithinStack(Object(Illuminate\Routing\Route), Object(Illuminate\Http\Request))
#20 /customers/7/3/8/danielhaba.pl/httpd.www/bootstrap/cache/compiled.php(7357): Illuminate\Routing\Router->dispatchToRoute(Object(Illuminate\Http\Request))
#21 /customers/7/3/8/danielhaba.pl/httpd.www/bootstrap/cache/compiled.php(2066): Illuminate\Routing\Router->dispatch(Object(Illuminate\Http\Request))
#22 [internal function]: Illuminate\Foundation\Http\Kernel->Illuminate\Foundation\Http\{closure}(Object(Illuminate\Http\Request))
#23 /customers/7/3/8/danielhaba.pl/httpd.www/bootstrap/cache/compiled.php(9455): call_user_func(Object(Closure), Object(Illuminate\Http\Request))
#24 /customers/7/3/8/danielhaba.pl/httpd.www/app/Http/Middleware/ShareData.php(22): Illuminate\Pipeline\Pipeline->Illuminate\Pipeline\{closure}(Object(Illuminate\Http\Request))
#25 [internal function]: HempEmpire\Http\Middleware\ShareData->handle(Object(Illuminate\Http\Request), Object(Closure))
#26 /customers/7/3/8/danielhaba.pl/httpd.www/bootstrap/cache/compiled.php(9447): call_user_func_array(Array, Array)
#27 /customers/7/3/8/danielhaba.pl/httpd.www/bootstrap/cache/compiled.php(2637): Illuminate\Pipeline\Pipeline->Illuminate\Pipeline\{closure}(Object(Illuminate\Http\Request))
#28 [internal function]: Illuminate\Foundation\Http\Middleware\VerifyCsrfToken->handle(Object(Illuminate\Http\Request), Object(Closure))
#29 /customers/7/3/8/danielhaba.pl/httpd.www/bootstrap/cache/compiled.php(9447): call_user_func_array(Array, Array)
#30 /customers/7/3/8/danielhaba.pl/httpd.www/bootstrap/cache/compiled.php(12699): Illuminate\Pipeline\Pipeline->Illuminate\Pipeline\{closure}(Object(Illuminate\Http\Request))
#31 [internal function]: Illuminate\View\Middleware\ShareErrorsFromSession->handle(Object(Illuminate\Http\Request), Object(Closure))
#32 /customers/7/3/8/danielhaba.pl/httpd.www/bootstrap/cache/compiled.php(9447): call_user_func_array(Array, Array)
#33 /customers/7/3/8/danielhaba.pl/httpd.www/bootstrap/cache/compiled.php(11348): Illuminate\Pipeline\Pipeline->Illuminate\Pipeline\{closure}(Object(Illuminate\Http\Request))
#34 [internal function]: Illuminate\Session\Middleware\StartSession->handle(Object(Illuminate\Http\Request), Object(Closure))
#35 /customers/7/3/8/danielhaba.pl/httpd.www/bootstrap/cache/compiled.php(9447): call_user_func_array(Array, Array)
#36 /customers/7/3/8/danielhaba.pl/httpd.www/bootstrap/cache/compiled.php(12437): Illuminate\Pipeline\Pipeline->Illuminate\Pipeline\{closure}(Object(Illuminate\Http\Request))
#37 [internal function]: Illuminate\Cookie\Middleware\AddQueuedCookiesToResponse->handle(Object(Illuminate\Http\Request), Object(Closure))
#38 /customers/7/3/8/danielhaba.pl/httpd.www/bootstrap/cache/compiled.php(9447): call_user_func_array(Array, Array)
#39 /customers/7/3/8/danielhaba.pl/httpd.www/bootstrap/cache/compiled.php(12376): Illuminate\Pipeline\Pipeline->Illuminate\Pipeline\{closure}(Object(Illuminate\Http\Request))
#40 [internal function]: Illuminate\Cookie\Middleware\EncryptCookies->handle(Object(Illuminate\Http\Request), Object(Closure))
#41 /customers/7/3/8/danielhaba.pl/httpd.www/bootstrap/cache/compiled.php(9447): call_user_func_array(Array, Array)
#42 /customers/7/3/8/danielhaba.pl/httpd.www/bootstrap/cache/compiled.php(2687): Illuminate\Pipeline\Pipeline->Illuminate\Pipeline\{closure}(Object(Illuminate\Http\Request))
#43 [internal function]: Illuminate\Foundation\Http\Middleware\CheckForMaintenanceMode->handle(Object(Illuminate\Http\Request), Object(Closure))
#44 /customers/7/3/8/danielhaba.pl/httpd.www/bootstrap/cache/compiled.php(9447): call_user_func_array(Array, Array)
#45 [internal function]: Illuminate\Pipeline\Pipeline->Illuminate\Pipeline\{closure}(Object(Illuminate\Http\Request))
#46 /customers/7/3/8/danielhaba.pl/httpd.www/bootstrap/cache/compiled.php(9437): call_user_func(Object(Closure), Object(Illuminate\Http\Request))
#47 /customers/7/3/8/danielhaba.pl/httpd.www/bootstrap/cache/compiled.php(2013): Illuminate\Pipeline\Pipeline->then(Object(Closure))
#48 /customers/7/3/8/danielhaba.pl/httpd.www/bootstrap/cache/compiled.php(1999): Illuminate\Foundation\Http\Kernel->sendRequestThroughRouter(Object(Illuminate\Http\Request))
#49 /customers/7/3/8/danielhaba.pl/httpd.www/public/index.php(81): Illuminate\Foundation\Http\Kernel->handle(Object(Illuminate\Http\Request))
#50 {main}  
[2015-07-29 08:00:51] local.ERROR: exception 'Illuminate\Session\TokenMismatchException' in /customers/7/3/8/danielhaba.pl/httpd.www/bootstrap/cache/compiled.php:2639
Stack trace:
#0 [internal function]: Illuminate\Foundation\Http\Middleware\VerifyCsrfToken->handle(Object(Illuminate\Http\Request), Object(Closure))
#1 /customers/7/3/8/danielhaba.pl/httpd.www/bootstrap/cache/compiled.php(9447): call_user_func_array(Array, Array)
#2 /customers/7/3/8/danielhaba.pl/httpd.www/bootstrap/cache/compiled.php(12699): Illuminate\Pipeline\Pipeline->Illuminate\Pipeline\{closure}(Object(Illuminate\Http\Request))
#3 [internal function]: Illuminate\View\Middleware\ShareErrorsFromSession->handle(Object(Illuminate\Http\Request), Object(Closure))
#4 /customers/7/3/8/danielhaba.pl/httpd.www/bootstrap/cache/compiled.php(9447): call_user_func_array(Array, Array)
#5 /customers/7/3/8/danielhaba.pl/httpd.www/bootstrap/cache/compiled.php(11348): Illuminate\Pipeline\Pipeline->Illuminate\Pipeline\{closure}(Object(Illuminate\Http\Request))
#6 [internal function]: Illuminate\Session\Middleware\StartSession->handle(Object(Illuminate\Http\Request), Object(Closure))
#7 /customers/7/3/8/danielhaba.pl/httpd.www/bootstrap/cache/compiled.php(9447): call_user_func_array(Array, Array)
#8 /customers/7/3/8/danielhaba.pl/httpd.www/bootstrap/cache/compiled.php(12437): Illuminate\Pipeline\Pipeline->Illuminate\Pipeline\{closure}(Object(Illuminate\Http\Request))
#9 [internal function]: Illuminate\Cookie\Middleware\AddQueuedCookiesToResponse->handle(Object(Illuminate\Http\Request), Object(Closure))
#10 /customers/7/3/8/danielhaba.pl/httpd.www/bootstrap/cache/compiled.php(9447): call_user_func_array(Array, Array)
#11 /customers/7/3/8/danielhaba.pl/httpd.www/bootstrap/cache/compiled.php(12376): Illuminate\Pipeline\Pipeline->Illuminate\Pipeline\{closure}(Object(Illuminate\Http\Request))
#12 [internal function]: Illuminate\Cookie\Middleware\EncryptCookies->handle(Object(Illuminate\Http\Request), Object(Closure))
#13 /customers/7/3/8/danielhaba.pl/httpd.www/bootstrap/cache/compiled.php(9447): call_user_func_array(Array, Array)
#14 /customers/7/3/8/danielhaba.pl/httpd.www/bootstrap/cache/compiled.php(2687): Illuminate\Pipeline\Pipeline->Illuminate\Pipeline\{closure}(Object(Illuminate\Http\Request))
#15 [internal function]: Illuminate\Foundation\Http\Middleware\CheckForMaintenanceMode->handle(Object(Illuminate\Http\Request), Object(Closure))
#16 /customers/7/3/8/danielhaba.pl/httpd.www/bootstrap/cache/compiled.php(9447): call_user_func_array(Array, Array)
#17 [internal function]: Illuminate\Pipeline\Pipeline->Illuminate\Pipeline\{closure}(Object(Illuminate\Http\Request))
#18 /customers/7/3/8/danielhaba.pl/httpd.www/bootstrap/cache/compiled.php(9437): call_user_func(Object(Closure), Object(Illuminate\Http\Request))
#19 /customers/7/3/8/danielhaba.pl/httpd.www/bootstrap/cache/compiled.php(2013): Illuminate\Pipeline\Pipeline->then(Object(Closure))
#20 /customers/7/3/8/danielhaba.pl/httpd.www/bootstrap/cache/compiled.php(1999): Illuminate\Foundation\Http\Kernel->sendRequestThroughRouter(Object(Illuminate\Http\Request))
#21 /customers/7/3/8/danielhaba.pl/httpd.www/public/index.php(81): Illuminate\Foundation\Http\Kernel->handle(Object(Illuminate\Http\Request))
#22 {main}  
[2015-07-29 08:01:51] local.ERROR: exception 'Illuminate\Session\TokenMismatchException' in /customers/7/3/8/danielhaba.pl/httpd.www/bootstrap/cache/compiled.php:2639
Stack trace:
#0 [internal function]: Illuminate\Foundation\Http\Middleware\VerifyCsrfToken->handle(Object(Illuminate\Http\Request), Object(Closure))
#1 /customers/7/3/8/danielhaba.pl/httpd.www/bootstrap/cache/compiled.php(9447): call_user_func_array(Array, Array)
#2 /customers/7/3/8/danielhaba.pl/httpd.www/bootstrap/cache/compiled.php(12699): Illuminate\Pipeline\Pipeline->Illuminate\Pipeline\{closure}(Object(Illuminate\Http\Request))
#3 [internal function]: Illuminate\View\Middleware\ShareErrorsFromSession->handle(Object(Illuminate\Http\Request), Object(Closure))
#4 /customers/7/3/8/danielhaba.pl/httpd.www/bootstrap/cache/compiled.php(9447): call_user_func_array(Array, Array)
#5 /customers/7/3/8/danielhaba.pl/httpd.www/bootstrap/cache/compiled.php(11348): Illuminate\Pipeline\Pipeline->Illuminate\Pipeline\{closure}(Object(Illuminate\Http\Request))
#6 [internal function]: Illuminate\Session\Middleware\StartSession->handle(Object(Illuminate\Http\Request), Object(Closure))
#7 /customers/7/3/8/danielhaba.pl/httpd.www/bootstrap/cache/compiled.php(9447): call_user_func_array(Array, Array)
#8 /customers/7/3/8/danielhaba.pl/httpd.www/bootstrap/cache/compiled.php(12437): Illuminate\Pipeline\Pipeline->Illuminate\Pipeline\{closure}(Object(Illuminate\Http\Request))
#9 [internal function]: Illuminate\Cookie\Middleware\AddQueuedCookiesToResponse->handle(Object(Illuminate\Http\Request), Object(Closure))
#10 /customers/7/3/8/danielhaba.pl/httpd.www/bootstrap/cache/compiled.php(9447): call_user_func_array(Array, Array)
#11 /customers/7/3/8/danielhaba.pl/httpd.www/bootstrap/cache/compiled.php(12376): Illuminate\Pipeline\Pipeline->Illuminate\Pipeline\{closure}(Object(Illuminate\Http\Request))
#12 [internal function]: Illuminate\Cookie\Middleware\EncryptCookies->handle(Object(Illuminate\Http\Request), Object(Closure))
#13 /customers/7/3/8/danielhaba.pl/httpd.www/bootstrap/cache/compiled.php(9447): call_user_func_array(Array, Array)
#14 /customers/7/3/8/danielhaba.pl/httpd.www/bootstrap/cache/compiled.php(2687): Illuminate\Pipeline\Pipeline->Illuminate\Pipeline\{closure}(Object(Illuminate\Http\Request))
#15 [internal function]: Illuminate\Foundation\Http\Middleware\CheckForMaintenanceMode->handle(Object(Illuminate\Http\Request), Object(Closure))
#16 /customers/7/3/8/danielhaba.pl/httpd.www/bootstrap/cache/compiled.php(9447): call_user_func_array(Array, Array)
#17 [internal function]: Illuminate\Pipeline\Pipeline->Illuminate\Pipeline\{closure}(Object(Illuminate\Http\Request))
#18 /customers/7/3/8/danielhaba.pl/httpd.www/bootstrap/cache/compiled.php(9437): call_user_func(Object(Closure), Object(Illuminate\Http\Request))
#19 /customers/7/3/8/danielhaba.pl/httpd.www/bootstrap/cache/compiled.php(2013): Illuminate\Pipeline\Pipeline->then(Object(Closure))
#20 /customers/7/3/8/danielhaba.pl/httpd.www/bootstrap/cache/compiled.php(1999): Illuminate\Foundation\Http\Kernel->sendRequestThroughRouter(Object(Illuminate\Http\Request))
#21 /customers/7/3/8/danielhaba.pl/httpd.www/public/index.php(81): Illuminate\Foundation\Http\Kernel->handle(Object(Illuminate\Http\Request))
#22 {main}  
